	-12.55	0.04
ypr	-99.28	-12.55	0.04
ypr	-99.19	-12.55	0.04
ypr	-99.10	-12.56	0.04
ypr	-99.01	-12.55	0.04
ypr	-98.92	-12.56	0.04
ypr	-98.84	-12.56	0.04
ypr	-98.74	-12.56	0.04
ypr	-98.65	-12.56	0.04
ypr	-98.52	-12.52	0.07
FIFO overflow!
ypr	-96.18	-12.56	0.04
ypr	-96.10	-12.56	0.04
ypr	-96.00	-12.56	0.04
ypr	-95.92	-12.56	0.04
ypr	-95.83	-12.56	0.04
ypr	-95.74	-12.56	0.04
ypr	-95.65	-12.56	0.04
ypr	-95.57	-12.56	0.05
ypr	-95.48	-12.56	0.05
ypr	-95.38	-12.56	0.04
ypr	-95.30	-12.55	0.04
ypr	-95.22	-12.55	0.04
ypr	-95.12	-12.55	0.04
ypr	-95.04	-12.55	0.04
ypr	-94.95	-12.56	0.04
ypr	-94.85	-12.56	0.04
ypr	-94.77	-12.56	0.04
ypr	-94.67	-12.56	0.04
ypr	-94.59	-12.56	0.04
ypr	-94.50	-12.57	0.04
ypr	-94.41	-12.57	0.04
FIFO overflow!
ypr	-92.12	-12.55	0.04
ypr	-92.03	-12.55	0.04
ypr	-91.94	-12.55	0.04
ypr	-91.85	-12.56	0.05
ypr	-91.77	-12.56	0.05
ypr	-91.68	-12.56	0.05
ypr	-91.58	-12.56	0.05
ypr	-91.50	-12.56	0.05
ypr	-91.41	-12.56	0.05
ypr	-91.33	-12.56	0.05
ypr	-91.23	-12.56	0.05
ypr	-91.14	-12.56	0.05
ypr	-91.06	-12.56	0.05
ypr	-90.97	-12.56	0.05
ypr	-90.88	-12.56	0.05
ypr	-90.86	-12.51	-0.02
ypr	-90.85	-12.46	-0.08
ypr	-90.84	-12.41	-0.14
ypr	-90.83	-12.36	-0.20
ypr	-90.81	-12.31	-0.26
ypr	-90.80	-12.26	-0.32
FIFO overflow!
ypr	-90.54	-11.21	-1.57
ypr	-90.53	-11.18	-1.61
ypr	-90.52	-11.15	-1.65
ypr	-90.52	-11.12	-1.69
ypr	-90.51	-11.09	-1.73
ypr	-90.50	-11.05	-1.76
ypr	-90.50	-11.03	-1.80
ypr	-90.49	-11.00	-1.83
ypr	-90.49	-10.97	-1.87
ypr	-90.48	-10.94	-1.92
ypr	-90.47	-10.91	-1.95
ypr	-90.47	-10.88	-1.98
ypr	-90.46	-10.85	-2.01
ypr	-90.45	-10.83	-2.05
ypr	-90.45	-10.80	-2.08
ypr	-90.44	-10.77	-2.11
ypr	-90.42	-10.74	-2.14
ypr	-90.42	-10.72	-2.17
ypr	-90.41	-10.69	-2.20
FIFO overflow!
ypr	-90.30	-10.15	-2.85
ypr	-90.30	-10.13	-2.87
ypr	-90.30	-10.11	-2.89
ypr	-90.28	-10.10	-2.91
ypr	-90.28	-10.08	-2.93
ypr	-90.28	-10.06	-2.95
ypr	-90.27	-10.05	-2.97
ypr	-90.27	-10.03	-2.99
ypr	-90.27	-10.01	-3.01
ypr	-90.27	-10.00	-3.02
ypr	-90.26	-9.99	-3.04
ypr	-90.26	-9.97	-3.06
ypr	-90.26	-9.95	-3.08
ypr	-90.26	-9.94	-3.09
ypr	-90.25	-9.92	-3.11
ypr	-90.25	-9.92	-3.12
ypr	-90.25	-9.90	-3.14
ypr	-90.25	-9.89	-3.15
ypr	-90.24	-9.87	-3.17
ypr	-90.24	-9.86	-3.19
ypr	-90.24	-9.85	-3.20
FIFO overflow!
ypr	-90.28	-9.51	-3.49
ypr	-90.26	-9.50	-3.51
ypr	-90.26	-9.49	-3.52
ypr	-90.26	-9.48	-3.53
ypr	-90.26	-9.48	-3.53
ypr	-90.26	-9.47	-3.55
ypr	-90.26	-9.46	-3.56
ypr	-90.26	-9.46	-3.56
ypr	-90.26	-9.45	-3.57
ypr	-90.26	-9.44	-3.58
ypr	-90.25	-9.43	-3.59
ypr	-90.25	-9.42	-3.60
ypr	-90.25	-9.41	-3.61
ypr	-90.25	-9.41	-3.61
ypr	-90.25	-9.40	-3.62
ypr	-90.25	-9.39	-3.63
ypr	-90.25	-9.39	-3.64
ypr	-90.25	-9.38	-3.65
ypr	-90.25	-9.37	-3.65
ypr	-90.25	-9.37	-3.67
ypr	-90.24	-9.36	-3.67
FIFO overflow!
ypr	-90.19	-9.29	-3.88
ypr	-90.19	-9.29	-3.88
ypr	-90.19	-9.28	-3.89
ypr	-90.19	-9.28	-3.89
ypr	-90.19	-9.28	-3.90
ypr	-90.19	-9.28	-3.90
ypr	-90.19	-9.28	-3.91
ypr	-90.19	-9.27	-3.91
ypr	-90.19	-9.27	-3.92
ypr	-90.19	-9.26	-3.92
ypr	-90.18	-9.26	-3.93
ypr	-90.19	-9.25	-3.93
ypr	-90.18	-9.25	-3.94
ypr	-90.18	-9.25	-3.95
ypr	-90.18	-9.24	-3.95
ypr	-90.18	-9.24	-3.95
ypr	-90.18	-9.24	-3.96
ypr	-90.17	-9.24	-3.96
ypr	-90.17	-9.24	-3.97
ypr	-90.17	-9.23	-3.97
ypr	-90.17	-9.23	-3.97
FIFO overflow!
FIFO overflow!
ypr	-90.29	-8.98	-4.10
ypr	-90.29	-8.97	-4.10
ypr	-90.30	-8.98	-4.10
ypr	-90.30	-8.98	-4.10
ypr	-90.30	-8.97	-4.11
ypr	-90.30	-8.97	-4.11
ypr	-90.29	-8.98	-4.11
ypr	-90.26	-8.99	-4.12
ypr	-90.27	-8.99	-4.12
ypr	-90.23	-8.98	-4.13
ypr	-90.22	-9.00	-4.11
ypr	-90.21	-9.00	-4.11
ypr	-90.21	-8.97	-4.10
ypr	-90.43	-8.93	-4.03
ypr	-90.58	-8.86	-4.01
ypr	-90.55	-8.90	-4.12
ypr	-90.51	-8.93	-4.02
ypr	-90.51	-8.95	-4.01
ypr	-90.51	-8.90	-3.99
ypr	-90.51	-8.93	-4.01
ypr	-90.52	-8.93	-4.01
FIFO overflow!
ypr	-90.51	-8.92	-4.05
ypr	-90.51	-8.92	-4.06
ypr	-90.51	-8.92	-4.06
ypr	-90.51	-8.92	-4.06
ypr	-90.51	-8.92	-4.06
ypr	-90.51	-8.91	-4.06
ypr	-90.51	-8.91	-4.06
ypr	-90.51	-8.91	-4.06
ypr	-90.51	-8.91	-4.06
ypr	-90.51	-8.91	-4.07
ypr	-90.51	-8.91	-4.07
ypr	-90.51	-8.92	-4.08
ypr	-90.52	-8.93	-4.08
ypr	-90.52	-8.92	-4.08
ypr	-90.52	-8.94	-4.09
ypr	-90.52	-8.94	-4.09
ypr	-90.52	-8.93	-4.09
ypr	-90.52	-8.94	-4.10
ypr	-90.53	-8.94	-4.10
ypr	-90.53	-8.93	-4.10
ypr	-90.53	-8.93	-4.10
FIFO overflow!
ypr	-90.54	-8.91	-4.10
ypr	-90.54	-8.92	-4.10
ypr	-90.54	-8.92	-4.10
ypr	-90.54	-8.91	-4.10
ypr	-90.54	-8.91	-4.10
ypr	-90.54	-8.91	-4.10
ypr	-90.54	-8.91	-4.11
ypr	-90.54	-8.91	-4.11
ypr	-90.54	-8.90	-4.11
ypr	-90.54	-8.90	-4.11
ypr	-90.54	-8.90	-4.11
ypr	-90.54	-8.90	-4.11
ypr	-90.54	-8.90	-4.12
ypr	-90.54	-8.90	-4.12
ypr	-90.55	-8.91	-4.11
ypr	-90.55	-8.91	-4.12
ypr	-90.55	-8.92	-4.12
ypr	-90.55	-8.91	-4.13
ypr	-90.55	-8.91	-4.13
ypr	-90.55	-8.91	-4.12
ypr	-90.54	-8.90	-4.12
FIFO overflow!
ypr	-87.30	-7.73	11.96
ypr	-86.58	-7.47	13.53
ypr	-85.97	-7.19	14.88
ypr	-85.45	-7.03	17.09
ypr	-84.81	-7.05	20.69
ypr	-83.93	-7.22	25.40
ypr	-83.08	-7.54	30.12
ypr	-82.57	-7.96	33.98
ypr	-82.11	-8.22	36.82
ypr	-81.45	-8.04	38.79
ypr	-80.79	-7.85	40.83
ypr	-79.68	-7.70	44.13
ypr	-78.36	-7.40	47.69
ypr	-77.04	-7.03	50.87
ypr	-75.85	-6.54	53.35
ypr	-75.04	-5.92	54.82
ypr	-74.83	-5.32	55.47
ypr	-74.48	-4.88	55.76
ypr	-73.55	-4.65	56.56
ypr	-72.30	-4.60	57.75
ypr	-71.44	-4.55	58.51
FIFO overflow!
ypr	-93.31	-0.01	-33.71
ypr	-95.09	0.05	-37.71
ypr	-96.66	0.02	-40.78
ypr	-97.51	-0.23	-42.61
ypr	-97.72	-0.50	-43.01
ypr	-97.67	-0.78	-42.64
ypr	-97.68	-1.01	-42.33
ypr	-98.43	-1.17	-43.32
ypr	-99.32	-1.25	-44.85
ypr	-100.50	-1.36	-47.21
ypr	-101.50	-1.41	-49.27
ypr	-102.09	-1.37	-50.45
ypr	-102.66	-1.41	-51.16
ypr	-102.74	-1.34	-51.18
ypr	-102.45	-1.21	-50.68
ypr	-102.43	-1.08	-50.73
ypr	-102.89	-1.05	-51.79
ypr	-103.15	-0.95	-52.32
ypr	-103.36	-0.85	-52.65
FIFO overflow!
ypr	-87.28	-4.20	24.86
ypr	-87.20	-4.36	27.62
ypr	-87.20	-4.73	30.99
ypr	-87.19	-5.12	34.82
ypr	-87.16	-5.34	38.34
ypr	-87.07	-5.39	41.37
ypr	-87.03	-5.39	43.79
ypr	-86.78	-5.38	46.08
ypr	-86.41	-5.53	48.82
ypr	-85.90	-5.81	52.20
ypr	-85.27	-5.97	55.28
ypr	-84.57	-5.99	57.96
ypr	-83.92	-5.88	60.33
ypr	-83.48	-5.80	62.29
ypr	-83.26	-5.73	63.15
ypr	-83.48	-5.65	62.71
ypr	-84.02	-5.55	61.49
ypr	-84.36	-5.42	59.51
ypr	-84.42	-5.31	57.27
ypr	-84.19	-5.21	55.04
ypr	-83.62	-5.10	52.22
FIFO overflow!
ypr	-92.56	0.10	-11.43
ypr	-92.53	0.03	-11.20
ypr	-92.46	-0.02	-10.72
ypr	-92.33	-0.02	-10.14
ypr	-92.18	-0.01	-9.57
ypr	-91.97	-0.04	-9.01
ypr	-91.71	-0.13	-8.44
ypr	-91.43	-0.30	-7.83
ypr	-91.24	-0.60	-7.32
ypr	-91.18	-0.89	-7.11
ypr	-91.21	-1.13	-7.20
ypr	-91.22	-1.35	-7.45
ypr	-91.26	-1.53	-7.91
ypr	-91.28	-1.67	-8.38
ypr	-91.30	-1.78	-9.04
ypr	-91.42	-1.92	-10.07
ypr	-91.69	-2.12	-11.51
ypr	-91.97	-2.31	-12.92
ypr	-92.22	-2.47	-14.26
ypr	-92.51	-2.59	-15.78
FIFO overflow!
ypr	-86.42	-6.75	45.60
ypr	-86.38	-6.45	45.89
ypr	-86.48	-6.09	45.51
ypr	-86.60	-5.50	43.76
ypr	-86.68	-4.41	39.61
ypr	-87.02	-2.96	33.14
ypr	-87.79	-1.59	25.28
ypr	-88.63	-0.37	17.44
ypr	-89.16	0.61	11.60
ypr	-89.26	1.09	8.30
ypr	-89.26	1.59	5.60
ypr	-89.55	2.21	2.10
ypr	-90.16	2.93	-2.60
ypr	-90.91	3.51	-8.01
ypr	-91.65	3.96	-12.99
ypr	-92.32	4.45	-16.80
ypr	-92.74	4.63	-19.12
ypr	-92.99	4.73	-20.45
ypr	-93.49	4.83	-21.81
ypr	-94.53	5.00	-24.43
ypr	-96.14	5.30	-28.15
ypr	-97.82	5.36	-31.63
FIFO overflow!
ypr	-89.34	-1.39	14.29
ypr	-89.23	-1.90	17.33
ypr	-89.15	-2.27	20.03
ypr	-89.05	-2.58	22.51
ypr	-88.88	-2.86	25.14
ypr	-88.76	-3.18	27.87
ypr	-88.77	-3.44	30.28
ypr	-88.85	-3.67	32.28
ypr	-88.65	-3.85	34.18
ypr	-88.29	-4.07	36.18
ypr	-87.82	-4.24	38.31
ypr	-87.40	-4.25	40.22
ypr	-87.06	-4.13	41.89
ypr	-86.84	-4.04	43.61
ypr	-86.71	-3.97	45.39
ypr	-86.75	-3.86	47.08
ypr	-86.71	-3.67	48.33
ypr	-86.57	-3.50	49.13
ypr	-86.44	-3.34	49.55
ypr	-86.40	-3.14	49.52
ypr	-86.50	-2.90	48.89
FIFO overflow!
ypr	-90.45	1.58	6.93
ypr	-90.21	1.55	7.14
ypr	-89.95	1.55	7.51
ypr	-89.81	1.70	7.34
ypr	-89.89	2.00	6.19
ypr	-90.14	2.31	4.24
ypr	-90.38	2.50	2.24
ypr	-90.50	2.59	0.84
ypr	-90.48	2.67	0.16
ypr	-90.39	2.73	-0.06
ypr	-90.38	2.85	-0.58
ypr	-90.53	3.01	-1.63
ypr	-90.81	3.19	-3.39
ypr	-91.09	3.29	-5.15
ypr	-91.39	3.30	-6.89
ypr	-91.67	3.31	-8.20
ypr	-91.84	3.36	-9.02
ypr	-92.07	3.42	-10.04
ypr	-92.51	3.50	-11.89
ypr	-93.20	3.53	-14.89
ypr	-93.85	3.52	-18.03
ypr	-94.42	3.45	-20.79
FIFO overflow!
ypr	-82.04	-2.95	32.35
ypr	-81.74	-3.15	34.66
ypr	-81.68	-3.27	36.29
ypr	-81.77	-3.32	37.24
ypr	-82.01	-3.42	37.81
ypr	-82.33	-3.48	38.32
ypr	-82.47	-3.54	38.92
ypr	-82.50	-3.67	39.65
ypr	-82.49	-3.83	40.31
ypr	-82.52	-3.95	40.48
ypr	-82.64	-3.99	40.24
ypr	-82.82	-3.93	39.78
ypr	-82.98	-3.85	39.30
ypr	-83.05	-3.84	39.07
ypr	-83.11	-3.89	38.86
ypr	-83.18	-4.00	38.56
ypr	-83.16	-4.08	38.28
ypr	-83.12	-4.05	37.86
ypr	-83.21	-3.88	37.12
ypr	-83.39	-3.58	35.99
ypr	-83.69	-3.15	34.28
FIFO overflow!
ypr	-83.17	-1.38	15.26
ypr	-82.20	-2.36	20.92
ypr	-81.35	-3.40	26.17
ypr	-80.96	-4.24	30.19
ypr	-80.82	-4.85	33.55
ypr	-80.62	-5.33	36.98
ypr	-80.44	-5.73	39.79
ypr	-80.45	-6.00	41.75
ypr	-80.30	-6.15	43.27
ypr	-80.12	-6.32	44.70
ypr	-80.08	-6.43	45.96
ypr	-80.26	-6.42	46.89
ypr	-80.66	-6.34	47.27
ypr	-81.07	-6.26	47.21
ypr	-81.40	-6.09	46.65
ypr	-81.70	-5.86	45.42
ypr	-81.98	-5.52	43.45
ypr	-82.33	-4.95	40.15
ypr	-82.70	-4.17	35.14
ypr	-83.25	-3.39	29.10
ypr	-83.85	-2.61	22.57
FIFO overflow!
ypr	-88.46	22.30	-18.99
ypr	-88.37	22.47	-19.05
ypr	-88.22	22.34	-18.85
ypr	-87.99	21.92	-18.17
ypr	-87.69	21.21	-17.05
ypr	-87.34	20.24	-15.75
ypr	-87.04	18.93	-14.13
ypr	-87.04	17.15	-12.49
ypr	-87.45	15.03	-11.54
ypr	-88.19	12.79	-11.22
ypr	-89.04	10.76	-11.44
ypr	-89.94	8.84	-11.67
ypr	-90.66	7.01	-11.20
ypr	-91.00	5.22	-9.41
ypr	-90.87	3.52	-6.37
ypr	-90.67	2.00	-3.38
ypr	-90.60	0.58	-1.72
ypr	-90.61	-0.66	-1.02
ypr	-90.66	-1.86	-0.53
ypr	-90.56	-2.67	-0.92
ypr	-35.08	-67.09	-22.60
FIFO overflow!
ypr	-90.22	-2.00	-8.28
ypr	-90.21	-1.98	-8.31
ypr	-90.17	-1.99	-8.09
ypr	-90.09	-1.93	-7.87
ypr	-89.98	-1.84	-7.64
ypr	-89.98	-1.93	-7.48
ypr	-90.05	-1.92	-7.58
ypr	-90.12	-2.01	-7.68
ypr	-90.18	-2.05	-7.76
ypr	-90.18	-2.08	-7.74
ypr	-90.18	-2.07	-7.74
ypr	-90.16	-2.04	-7.61
ypr	-90.07	-2.01	-7.26
ypr	-89.91	-1.99	-6.70
ypr	-89.79	-1.98	-6.33
ypr	-89.80	-1.98	-6.26
ypr	-89.81	-1.99	-6.19
ypr	-89.79	-1.98	-6.07
ypr	-89.72	-1.95	-5.82
ypr	-89.56	-1.88	-5.36
