ypr	-86.28	-10.81	-0.32
ypr	-86.28	-10.80	-0.31
ypr	-86.29	-10.79	-0.32
ypr	-86.55	-10.77	-0.34
ypr	-86.66	-10.69	-0.34
ypr	-86.65	-10.65	-0.33
ypr	-86.63	-10.73	-0.33
ypr	-86.63	-10.76	-0.32
ypr	-86.64	-10.69	-0.33
ypr	-86.64	-10.70	-0.32
ypr	-86.64	-10.76	-0.33
ypr	-86.65	-10.72	-0.32
ypr	-86.65	-10.70	-0.32
ypr	-86.64	-10.74	-0.32
FIFO overflow!
ypr	-86.66	-10.78	-0.30
ypr	-34.10	-19.66	-9.73
ypr	40.19	5.66	71.50
ypr	49.12	-61.44	1.59
ypr	16.84	-30.78	56.08
ypr	1.21	-2.13	-40.02
ypr	1.08	-1.45	-70.21
ypr	-56.50	11.70	15.83
ypr	-3.29	5.56	47.04
ypr	-19.66	12.27	59.47
ypr	1.06	-1.42	-70.87
ypr	-8.95	10.06	79.06
ypr	-29.87	-6.74	73.60
ypr	-55.39	51.29	-4.96
ypr	-30.25	-6.60	72.46
ypr	-37.58	3.67	61.29
ypr	-56.72	56.90	-10.94
ypr	-61.75	58.02	-20.60
ypr	-48.81	27.86	29.15
ypr	-49.51	36.97	22.17
FIFO overflow!
ypr	-86.71	-10.76	-0.29
ypr	-86.71	-10.76	-0.29
ypr	-86.71	-10.76	-0.29
ypr	-86.71	-10.76	-0.29
ypr	-86.71	-10.76	-0.29
ypr	-86.72	-10.76	-0.28
ypr	-86.71	-10.76	-0.29
ypr	-86.72	-10.77	-0.29
ypr	-86.72	-10.76	-0.28
ypr	-86.72	-10.77	-0.29
ypr	-86.72	-10.77	-0.29
ypr	-86.72	-10.77	-0.29
ypr	-86.73	-10.74	-0.30
ypr	-86.50	-10.13	-1.47
ypr	-86.45	-9.89	-1.15
ypr	-86.23	-10.22	-0.50
ypr	-86.15	-10.35	-0.29
ypr	-86.11	-9.71	-0.52
ypr	-86.26	-8.99	-1.93
ypr	-86.47	-8.15	-2.87
FIFO overflow!
ypr	-86.97	-4.76	-1.91
ypr	-86.66	-4.43	-1.58
ypr	-86.54	-4.07	-1.22
ypr	-86.91	-4.36	-1.31
ypr	-87.10	-4.78	-1.13
ypr	-86.22	-4.76	0.48
ypr	-85.42	-4.12	1.01
ypr	-85.22	-3.18	0.03
ypr	-84.61	-1.72	-0.32
ypr	-83.92	0.13	0.02
ypr	-83.49	2.13	0.09
ypr	-83.34	4.54	-0.40
ypr	-83.48	7.31	-1.34
ypr	-83.65	10.28	-1.68
ypr	-83.94	13.07	-1.96
ypr	-84.09	15.54	-2.60
ypr	-83.43	17.37	-2.80
ypr	-82.17	17.71	-2.32
ypr	-81.18	16.18	-1.60
ypr	-80.54	12.74	-0.69
ypr	-80.51	6.88	0.48
ypr	-81.19	1.76	1.11
FIFO overflow!
ypr	-82.04	-2.33	-4.47
ypr	-82.34	-1.51	-5.97
ypr	-82.35	-0.76	-6.51
ypr	-82.19	-0.14	-6.21
ypr	-81.85	0.18	-5.46
ypr	-81.56	-0.00	-4.96
ypr	-81.42	-0.64	-4.87
ypr	-81.33	-1.58	-4.90
ypr	-81.37	-2.42	-4.89
ypr	-81.37	-3.12	-4.71
ypr	-81.30	-3.59	-4.39
ypr	-81.14	-3.78	-4.11
ypr	-81.00	-3.86	-3.97
ypr	-81.03	-3.93	-4.11
ypr	-81.08	-3.93	-4.49
ypr	-81.12	-3.92	-4.92
ypr	-81.11	-3.91	-5.23
ypr	-81.06	-3.88	-5.46
ypr	-81.01	-3.88	-5.18
ypr	-80.88	-3.90	-4.50
ypr	-80.74	-3.87	-4.08
FIFO overflow!
ypr	-79.48	-5.41	-0.79
ypr	-79.30	-5.58	-0.55
ypr	-79.14	-5.68	-0.16
ypr	-78.98	-5.73	0.39
ypr	-78.85	-5.76	0.97
ypr	-78.75	-5.77	1.35
ypr	-78.65	-5.77	1.53
ypr	-78.56	-5.78	1.72
ypr	-78.51	-5.79	2.02
ypr	-78.61	-5.76	2.08
ypr	-78.79	-5.71	1.92
ypr	-78.96	-5.65	1.70
ypr	-79.02	-5.59	1.56
ypr	-78.98	-5.54	1.58
ypr	-78.90	-5.49	1.59
ypr	-78.85	-5.46	1.54
ypr	-78.89	-5.48	1.37
ypr	-78.99	-5.84	1.12
ypr	-79.11	-6.18	0.49
ypr	-79.20	-6.50	-0.27
ypr	-79.54	-7.20	-0.75
ypr	-79.77	-8.01	-0.92
FIFO overflow!
ypr	-88.67	-21.61	46.19
ypr	-88.68	-20.80	47.41
ypr	-87.88	-19.89	49.06
ypr	-85.94	-19.12	51.21
ypr	-83.52	-18.45	52.78
ypr	-81.34	-17.81	53.88
ypr	-79.65	-17.07	54.68
ypr	-78.05	-16.07	55.05
ypr	-76.81	-14.63	54.39
ypr	-75.92	-12.71	53.04
ypr	-75.06	-10.67	52.29
ypr	-74.05	-8.99	52.14
ypr	-73.06	-7.61	52.60
ypr	-71.98	-6.59	53.10
ypr	-70.91	-5.67	53.18
ypr	-69.85	-4.69	52.95
ypr	-68.66	-3.61	52.67
ypr	-68.15	-2.26	51.56
ypr	-68.68	-0.62	48.87
ypr	-69.68	0.89	44.44
FIFO overflow!
ypr	-26.44	-12.51	-77.40
ypr	-38.29	-12.36	-77.34
ypr	-50.89	-12.33	-76.91
ypr	-52.13	-12.61	-76.71
ypr	-46.62	-12.86	-76.78
ypr	-45.83	-12.93	-76.77
ypr	-54.98	-12.59	-76.89
ypr	-67.64	-11.89	-76.93
ypr	-75.12	-11.55	-76.57
ypr	-77.83	-11.51	-76.45
ypr	-76.66	-11.89	-76.55
ypr	-75.63	-12.47	-76.20
ypr	-76.76	-13.05	-75.33
ypr	-80.35	-13.36	-73.96
ypr	-83.20	-13.35	-71.81
ypr	-85.10	-13.29	-69.45
ypr	-86.53	-13.51	-67.54
ypr	-87.30	-13.67	-65.98
ypr	-87.94	-13.95	-64.74
FIFO overflow!
ypr	43.98	-12.72	-67.17
ypr	44.93	-12.89	-66.12
ypr	45.50	-13.06	-65.12
ypr	45.79	-13.15	-64.07
ypr	46.54	-13.10	-62.75
ypr	47.39	-12.92	-61.45
ypr	48.06	-12.77	-60.34
ypr	48.49	-12.68	-59.62
ypr	48.98	-12.62	-58.96
ypr	49.46	-12.73	-58.05
ypr	50.25	-12.83	-56.84
ypr	51.79	-12.68	-55.31
ypr	54.17	-12.37	-53.50
ypr	56.53	-12.26	-51.79
ypr	58.06	-12.23	-50.32
ypr	59.20	-12.38	-49.16
ypr	59.53	-12.61	-48.58
ypr	59.67	-12.69	-48.35
ypr	59.91	-12.58	-48.16
ypr	60.69	-12.41	-47.79
FIFO overflow!
ypr	68.67	-9.91	-23.13
ypr	68.72	-9.82	-22.36
ypr	69.16	-9.35	-21.67
ypr	69.74	-8.94	-20.95
ypr	70.07	-8.59	-20.38
ypr	70.60	-8.11	-19.95
ypr	70.71	-8.00	-19.09
ypr	70.54	-7.92	-18.08
ypr	-180.00	-0.08	0.08
ypr	179.99	0.19	2.11
ypr	180.00	-0.05	1.67
ypr	-180.00	-0.15	1.13
ypr	-179.99	-0.41	0.88
ypr	-179.99	-0.42	1.26
ypr	-179.99	-0.53	1.01
ypr	-179.99	-0.05	0.96
ypr	180.00	-0.06	0.76
ypr	-180.00	0.00	0.16
ypr	-179.99	0.11	-0.76
ypr	-179.99	0.27	-1.30
FIFO overflow!
ypr	48.13	-5.06	-67.77
ypr	45.24	-5.44	-69.11
ypr	43.62	-5.55	-69.67
ypr	43.07	-5.78	-69.75
ypr	41.80	-6.05	-70.12
ypr	40.52	-6.46	-70.34
ypr	39.93	-6.75	-70.20
ypr	40.02	-6.91	-69.85
ypr	39.49	-7.26	-70.01
ypr	38.61	-7.78	-70.39
ypr	37.62	-8.33	-70.70
ypr	37.15	-8.82	-70.72
ypr	37.42	-9.01	-70.42
ypr	37.59	-9.35	-69.90
ypr	37.19	-9.66	-69.79
ypr	36.23	-9.70	-70.51
ypr	35.69	-9.67	-71.16
ypr	36.15	-9.73	-71.07
ypr	36.95	-9.97	-70.69
ypr	38.16	-10.07	-70.50
ypr	39.24	-9.74	-70.65
FIFO overflow!
ypr	-63.52	-10.22	-68.63
ypr	-65.71	-9.95	-67.28
ypr	-67.19	-9.76	-66.13
ypr	-69.35	-9.70	-63.71
ypr	-72.44	-9.85	-59.00
ypr	-75.29	-9.91	-52.88
ypr	-77.50	-9.70	-47.31
ypr	-78.58	-9.27	-43.83
ypr	-79.24	-9.20	-42.12
ypr	-79.84	-9.17	-40.28
ypr	-80.69	-9.10	-37.55
ypr	-81.71	-8.81	-33.57
ypr	-82.42	-8.40	-28.78
ypr	-82.96	-8.26	-24.16
ypr	-83.55	-8.46	-19.78
ypr	-83.73	-8.45	-16.28
ypr	-83.95	-8.36	-14.18
ypr	-84.19	-8.13	-11.79
ypr	-84.37	-7.67	-8.98
ypr	-84.33	-7.09	-6.24
FIFO overflow!
ypr	-83.00	-1.73	11.73
ypr	-82.88	-1.56	11.58
ypr	-82.77	-1.45	11.59
ypr	-82.70	-1.42	11.31
ypr	-82.70	-1.55	10.71
ypr	-82.71	-1.91	9.86
ypr	-82.84	-2.36	8.32
ypr	-82.90	-2.99	6.00
ypr	-82.56	-3.45	4.17
ypr	-81.99	-4.49	3.89
ypr	-81.57	-5.46	3.31
ypr	-81.49	-6.60	2.54
ypr	-81.44	-7.81	1.59
ypr	-81.42	-9.31	1.31
ypr	-81.42	-10.79	1.22
ypr	-81.39	-12.39	1.09
ypr	-81.57	-14.01	0.66
ypr	-81.74	-15.54	-0.12
ypr	-81.95	-17.17	-0.67
ypr	-82.29	-18.73	-0.95
ypr	-82.74	-20.00	-1.31
FIFO overflow!
ypr	-86.56	-22.36	-5.30
ypr	-86.08	-21.17	-5.59
ypr	-85.52	-20.28	-5.88
ypr	-84.87	-19.39	-5.97
ypr	-84.37	-18.42	-5.93
ypr	-84.27	-17.30	-5.74
ypr	-84.40	-15.95	-5.37
ypr	-84.53	-14.48	-4.85
ypr	-84.11	-12.95	-4.62
ypr	-83.30	-11.40	-4.75
ypr	-82.35	-9.89	-5.49
ypr	-81.41	-8.30	-7.28
ypr	-80.58	-6.65	-9.64
ypr	-79.95	-4.96	-10.63
ypr	-79.67	-3.37	-10.78
ypr	-79.65	-1.69	-10.45
ypr	-79.66	0.08	-9.93
ypr	-79.62	1.92	-9.43
ypr	-79.52	3.74	-9.11
ypr	-79.32	5.44	-8.95
FIFO overflow!
ypr	-80.92	16.57	0.44
ypr	-80.82	16.19	0.25
ypr	-80.93	15.70	0.05
ypr	-81.15	15.16	-0.14
ypr	-81.32	14.36	-0.28
ypr	-81.49	13.33	-0.48
ypr	-81.55	12.49	-0.74
ypr	-81.46	11.78	-1.20
ypr	-81.18	10.93	-1.64
ypr	-80.96	9.77	-1.53
ypr	-80.83	8.38	-0.76
ypr	-80.85	6.69	0.23
ypr	-80.73	5.09	0.94
ypr	-80.48	3.85	1.03
ypr	-80.17	2.68	0.27
ypr	-79.81	1.30	-0.73
ypr	-79.60	-0.42	-1.44
ypr	-79.61	-2.24	-1.75
ypr	-79.75	-3.99	-1.88
ypr	-79.90	-5.52	-1.92
ypr	-80.03	-7.02	-2.01
ypr	-80.29	-8.64	-2.25
FIFO overflow!
ypr	-77.88	-19.90	-0.02
ypr	-77.85	-19.78	-0.08
ypr	-77.57	-19.87	0.11
ypr	-77.32	-20.10	0.69
ypr	-77.11	-20.42	1.46
ypr	-76.96	-20.58	2.10
ypr	-76.86	-20.58	2.56
ypr	-76.83	-20.49	3.01
ypr	-77.00	-20.49	4.05
ypr	-77.61	-20.96	5.74
ypr	-78.17	-21.32	7.12
ypr	-78.61	-21.14	7.38
ypr	-79.05	-20.62	6.91
ypr	-79.44	-19.98	6.49
ypr	-79.71	-19.29	6.45
ypr	-79.96	-18.64	6.47
ypr	-80.24	-18.16	6.32
ypr	-79.23	-18.05	5.92
ypr	-78.74	-17.37	5.89
ypr	-78.58	-16.78	5.68
ypr	-78.28	-16.08	5.09
FIFO overflow!
ypr	-77.75	-13.31	5.10
ypr	-77.23	-13.15	5.02
ypr	-77.35	-12.86	5.23
ypr	-77.31	-12.65	5.43
ypr	-77.26	-12.57	5.64
ypr	-77.20	-12.59	5.79
ypr	-77.30	-12.67	5.77
ypr	-77.74	-12.75	5.32
ypr	-77.94	-12.97	4.31
ypr	-77.42	-13.10	3.97
ypr	-77.49	-13.18	3.96
ypr	-77.55	-13.39	4.25
ypr	-77.59	-13.69	4.90
ypr	-77.48	-14.10	5.78
ypr	-78.05	-14.84	6.40
ypr	-78.48	-16.31	7.80
ypr	-78.85	-17.97	9.98
ypr	-78.83	-19.18	9.72
ypr	-78.55	-20.51	6.82
ypr	-78.50	-22.36	5.48
ypr	-77.80	-20.67	0.60
FIFO overflow!
ypr	-78.72	-21.34	0.04
ypr	-78.72	-21.31	0.03
ypr	-78.72	-21.27	0.03
ypr	-78.71	-21.24	0.02
ypr	-78.71	-21.21	0.02
ypr	-78.71	-21.18	0.02
ypr	-78.70	-21.15	0.02
ypr	-78.86	-21.04	-0.07
ypr	-78.77	-20.67	-0.23
ypr	-78.65	-20.80	-0.05
ypr	-78.40	-20.38	-0.15
ypr	-78.20	-20.04	-0.20
ypr	-77.81	-19.74	-0.25
ypr	-77.64	-19.98	-0.05
ypr	-77.60	-20.03	0.08
ypr	-77.50	-20.22	0.02
ypr	-77.53	-21.14	-0.63
ypr	-77.72	-21.09	-1.29
ypr	-77.83	-20.69	-1.65
ypr	-78.01	-20.40	-1.73
FIFO overflow!
ypr	-77.72	12.21	-8.77
ypr	-77.65	12.53	-8.24
ypr	-77.59	12.75	-7.96
ypr	-77.53	12.90	-7.60
ypr	-77.45	13.11	-7.26
ypr	-77.38	13.44	-6.99
ypr	-77.36	13.66	-6.80
ypr	-77.36	13.70	-6.56
ypr	-77.35	13.55	-6.20
ypr	-77.34	13.35	-6.16
ypr	-77.39	13.15	-6.35
ypr	-77.39	12.86	-6.52
ypr	-77.40	12.62	-6.61
ypr	-77.37	12.50	-6.58
ypr	-77.34	12.38	-6.44
ypr	-77.28	12.26	-6.26
ypr	-77.21	12.11	-6.24
ypr	-77.17	11.90	-6.24
ypr	-77.12	11.66	-6.04
ypr	-77.10	11.38	-5.87
ypr	-77.09	11.12	-5.78
FIFO overflow!
ypr	-75.90	-5.22	-0.89
ypr	-76.27	-4.57	-1.22
ypr	-76.62	-3.94	-1.77
ypr	-76.80	-3.61	-2.38
ypr	-76.88	-3.43	-2.69
ypr	-77.02	-3.39	-2.47
ypr	-77.17	-3.38	-1.78
ypr	-77.43	-3.57	-0.88
ypr	-76.92	-3.85	-0.37
ypr	-76.87	-3.79	-0.23
ypr	-76.80	-3.86	-0.17
ypr	-76.74	-3.83	-0.53
ypr	-76.76	-3.65	-1.77
ypr	-76.76	-3.53	-2.88
ypr	-77.02	-3.63	-3.40
ypr	-77.31	-3.72	-3.58
ypr	-77.37	-3.77	-3.26
ypr	-77.32	-3.85	-2.81
ypr	-77.25	-3.90	-2.54
ypr	-77.18	-3.91	-2.53
ypr	-77.19	-3.88	-2.71
FIFO overflow!
ypr	-76.22	-3.16	-1.10
ypr	-76.22	-3.11	-1.10
ypr	-76.22	-3.08	-1.31
ypr	-76.24	-3.09	-1.51
ypr	-76.25	-3.15	-1.59
ypr	-76.26	-3.22	-1.59
ypr	-76.26	-3.31	-1.62
ypr	-76.31	-3.46	-1.78
ypr	-76.32	-3.64	-1.89
ypr	-76.34	-3.84	-1.94
ypr	-76.38	-4.00	-1.98
ypr	-76.48	-4.12	-2.13
ypr	-76.56	-4.21	-2.37
ypr	-76.63	-4.38	-2.58
ypr	-76.68	-4.61	-2.73
ypr	-76.72	-4.86	-2.90
ypr	-76.79	-5.08	-3.07
ypr	-76.81	-5.19	-3.14
ypr	-76.58	-5.40	-3.20
ypr	-76.70	-5.53	-3.33
ypr	-76.81	-5.68	-3.39
FIFO overflow!
FIFO overflow!
ypr	-77.72	-17.33	-7.38
ypr	-77.74	-17.25	-7.25
ypr	-77.71	-17.03	-7.15
ypr	-77.64	-16.63	-7.18
ypr	-77.60	-16.07	-7.21
ypr	-77.58	-15.50	-7.15
ypr	-77.56	-15.07	-6.96
ypr	-77.55	-14.75	-6.81
ypr	-77.51	-14.49	-6.77
ypr	-77.51	-14.14	-6.83
ypr	-77.51	-13.63	-6.93
ypr	-77.51	-13.03	-7.00
ypr	-77.44	-12.52	-7.28
ypr	-77.29	-12.25	-7.63
ypr	-77.05	-12.06	-7.73
ypr	-76.84	-11.84	-7.59
ypr	-76.77	-11.56	-7.39
ypr	-76.74	-11.10	-7.13
ypr	-76.79	-10.60	-6.89
ypr	-76.88	-10.20	-6.86
FIFO overflow!
ypr	-77.49	-5.42	-10.96
ypr	-77.46	-5.41	-11.32
ypr	-77.40	-5.40	-11.73
ypr	-77.34	-5.40	-12.10
ypr	-77.35	-5.38	-12.30
ypr	-77.44	-5.34	-12.32
ypr	-77.60	-5.30	-12.27
ypr	-77.79	-5.25	-12.24
ypr	-77.96	-5.23	-12.24
ypr	-78.10	-5.29	-12.33
ypr	-78.20	-5.43	-12.45
ypr	-78.27	-5.61	-12.54
ypr	-78.26	-5.72	-12.42
ypr	-78.26	-5.83	-12.18
ypr	-78.26	-5.95	-11.84
ypr	-78.31	-6.12	-11.50
ypr	-78.35	-6.36	-11.25
ypr	-78.39	-6.67	-11.06
ypr	-78.42	-7.06	-10.83
ypr	-78.48	-7.46	-10.62
FIFO overflow!
ypr	-77.12	-8.41	-7.26
ypr	-77.23	-8.42	-7.13
ypr	-77.35	-8.48	-7.15
ypr	-77.42	-8.57	-7.17
ypr	-77.50	-8.62	-7.14
ypr	-77.53	-8.62	-7.07
ypr	-77.56	-8.64	-6.98
ypr	-77.56	-8.71	-6.91
ypr	-77.55	-8.84	-6.83
ypr	-77.55	-9.02	-6.69
ypr	-77.56	-9.19	-6.49
ypr	-77.59	-9.39	-6.32
ypr	-77.68	-9.64	-6.23
ypr	-77.85	-9.94	-6.15
ypr	-78.07	-10.30	-6.08
ypr	-78.29	-10.69	-6.06
ypr	-78.39	-11.18	-6.05
ypr	-78.44	-11.94	-6.16
ypr	-78.53	-12.96	-6.46
ypr	-78.66	-14.12	-6.86
ypr	-78.79	-15.25	-7.23
FIFO overflow!
ypr	-78.45	0.14	-6.72
ypr	-78.56	2.54	-6.97
ypr	-78.73	5.03	-7.20
ypr	-78.75	7.25	-6.98
ypr	-78.68	8.97	-6.22
ypr	-78.68	10.65	-6.00
ypr	-78.73	12.27	-5.96
ypr	-78.83	13.61	-6.13
ypr	-78.92	14.71	-6.01
ypr	-79.01	15.74	-6.05
ypr	-79.15	16.68	-6.38
ypr	-79.28	17.50	-6.70
ypr	-79.34	18.18	-6.97
ypr	-79.39	18.70	-7.10
ypr	-79.45	18.99	-7.20
ypr	-79.49	19.00	-7.32
ypr	-79.45	18.69	-7.45
ypr	-79.65	17.94	-7.75
ypr	-79.69	16.89	-7.98
ypr	-79.57	15.52	-7.80
ypr	-79.43	13.88	-7.35
FIFO overflow!
ypr	-82.28	-23.86	1.08
ypr	-82.55	-25.01	1.15
ypr	-82.67	-25.93	1.18
ypr	-82.65	-26.63	1.23
ypr	-82.77	-27.26	1.39
ypr	-83.37	-28.06	1.75
ypr	-84.26	-29.30	2.53
ypr	-84.92	-30.78	3.10
ypr	-85.39	-31.60	3.43
ypr	-85.45	-32.04	3.73
ypr	-85.40	-32.39	3.89
ypr	-85.47	-32.84	3.94
ypr	-85.85	-33.72	4.15
ypr	-86.63	-34.83	4.38
ypr	-87.28	-35.84	4.46
ypr	-87.61	-36.57	4.47
ypr	-87.63	-36.92	4.41
ypr	-87.34	-37.01	4.30
ypr	-86.95	-37.33	4.21
ypr	-86.80	-38.05	4.26
ypr	-86.84	-38.95	4.25
FIFO overflow!
ypr	-89.46	-61.08	1.30
ypr	-90.04	-62.43	1.62
ypr	-90.63	-63.88	2.01
ypr	-91.08	-65.48	2.28
ypr	-91.48	-67.29	2.49
ypr	-91.84	-69.03	2.63
ypr	-92.18	-70.56	2.72
ypr	-92.53	-71.79	2.87
ypr	-92.66	-72.87	2.95
ypr	-92.64	-74.05	2.91
ypr	-92.68	-75.22	2.89
ypr	-92.89	-76.33	3.07
ypr	-93.23	-77.34	3.40
ypr	-93.46	-78.28	3.66
ypr	-93.43	-79.29	3.67
ypr	-93.24	-80.49	3.49
ypr	-93.02	-81.78	3.25
ypr	-92.96	-83.00	3.18
ypr	-93.17	-83.96	3.36
ypr	-93.46	-84.68	3.63
ypr	-93.54	-85.44	3.69
FIFO overflow!
ypr	-98.97	-65.21	5.77
ypr	-99.26	-65.02	6.16
ypr	-99.37	-65.17	6.28
ypr	-99.40	-65.73	6.40
ypr	-99.31	-66.81	6.55
ypr	-98.87	-68.46	6.46
ypr	-97.92	-70.48	5.79
ypr	-95.46	-73.27	3.65
ypr	-93.05	-75.78	1.25
ypr	-91.29	-78.00	-0.55
ypr	-90.71	-80.33	-0.92
ypr	-91.08	-83.76	0.05
ypr	-91.89	-87.60	1.64
ypr	-90.46	-87.66	0.76
ypr	-85.64	-83.87	-3.53
ypr	-79.75	-78.26	-8.57
ypr	-75.57	-73.57	-11.79
ypr	-73.96	-70.54	-12.64
ypr	-73.91	-68.45	-12.20
ypr	-74.64	-66.57	-11.22
FIFO overflow!
ypr	-75.94	-24.39	-8.90
ypr	-75.97	-24.00	-8.95
ypr	-75.70	-23.38	-8.99
ypr	-75.37	-22.87	-9.10
ypr	-75.29	-23.09	-9.68
ypr	-75.27	-23.45	-10.02
ypr	-75.28	-24.10	-10.66
ypr	-75.32	-24.82	-11.20
ypr	-75.33	-25.23	-11.82
ypr	-75.29	-25.37	-12.43
ypr	-75.30	-25.73	-13.38
ypr	-75.43	-26.15	-13.95
ypr	-75.71	-26.26	-14.18
ypr	-76.63	-23.02	-10.54
ypr	-76.65	-18.04	-9.09
ypr	-76.80	-14.98	-6.72
ypr	-76.63	-11.93	-2.40
ypr	-76.35	-9.07	1.19
ypr	-75.94	-5.33	1.32
FIFO overflow!
ypr	-70.67	13.08	1.64
ypr	-70.79	13.26	1.60
ypr	-70.64	13.46	1.56
ypr	-70.52	13.55	1.54
ypr	-70.39	13.38	1.52
ypr	-70.30	12.95	1.51
ypr	-70.76	12.10	1.51
ypr	-70.99	11.55	1.40
ypr	-71.01	10.77	1.37
ypr	-71.11	9.81	1.38
ypr	-71.33	8.74	1.41
ypr	-71.17	7.92	1.47
ypr	-71.07	7.40	1.34
ypr	-71.25	7.12	1.25
ypr	-71.42	7.00	1.21
ypr	-71.45	7.10	1.18
ypr	-71.45	7.37	1.16
ypr	-71.37	7.41	1.16
ypr	-71.32	7.26	1.15
ypr	-71.35	7.00	1.12
ypr	-71.44	6.62	1.09
ypr	-71.79	6.03	1.08
ypr	-72.15	5.56	1.03
FIFO overflow!
ypr	-74.95	-0.16	0.31
ypr	-74.72	-1.89	0.15
ypr	-74.75	-1.99	0.13
ypr	-74.68	-2.05	0.14
ypr	-74.25	-2.26	-0.40
ypr	-74.40	-2.29	-1.14
ypr	-74.36	-2.00	-1.48
ypr	-74.20	-1.56	-1.22
ypr	-73.89	-1.03	-0.74
ypr	-73.57	-0.53	-0.30
ypr	-73.31	-0.19	-0.13
ypr	-73.16	-0.00	-0.17
ypr	-73.11	0.09	-0.33
ypr	-73.13	0.15	-0.47
ypr	-73.22	0.09	-0.44
ypr	-73.26	-0.12	-0.24
ypr	-73.30	-0.55	-0.06
ypr	-73.34	-1.11	-0.04
ypr	-73.40	-1.88	-0.29
ypr	-73.46	-2.69	-0.78
ypr	-73.52	-3.39	-1.06
ypr	-73.72	-2.48	0.28
FIFO overflow!
ypr	-74.78	-2.31	-0.96
ypr	-74.74	-1.92	-0.77
ypr	-74.65	-1.66	-0.66
ypr	-74.60	-1.56	-0.74
ypr	-74.67	-1.53	-0.93
ypr	-74.79	-1.58	-1.04
ypr	-74.89	-1.72	-0.98
ypr	-74.89	-2.02	-0.78
ypr	-74.84	-2.50	-0.64
ypr	-74.74	-3.30	-0.58
ypr	-74.60	-3.70	-0.17
ypr	-74.76	-3.36	0.12
ypr	-75.15	-3.31	0.14
ypr	-75.22	-3.39	0.07
ypr	-74.89	-3.76	-0.37
ypr	-74.67	-3.64	-1.03
ypr	-74.78	-3.04	-1.66
ypr	-74.83	-2.32	-1.85
ypr	-74.82	-1.54	-1.69
ypr	-74.68	-0.88	-1.49
ypr	-74.56	-0.52	-1.37
FIFO overflow!
ypr	-74.82	-2.87	0.36
ypr	-74.82	-3.18	0.17
ypr	-75.29	-3.84	0.08
ypr	-75.45	-4.06	0.03
ypr	-75.43	-3.91	0.07
ypr	-75.15	-3.71	0.29
ypr	-74.92	-3.60	-0.13
ypr	-74.95	-3.08	-0.51
ypr	-74.84	-2.37	-0.52
ypr	-74.75	-1.62	-0.35
ypr	-74.62	-1.02	-0.27
ypr	-74.56	-0.67	-0.38
ypr	-74.57	-0.55	-0.59
ypr	-74.64	-0.63	-0.67
ypr	-74.66	-0.83	-0.54
ypr	-74.69	-1.13	-0.30
ypr	-74.75	-1.61	-0.13
ypr	-74.82	-2.42	-0.03
ypr	-74.84	-3.66	-0.01
ypr	-74.87	-4.03	0.06
ypr	-75.11	-4.09	0.00
ypr	-75.55	-4.17	-0.03
FIFO overflow!
ypr	-73.19	-1.98	-1.38
ypr	-73.28	-2.79	-1.07
ypr	-73.33	-4.03	-0.84
ypr	-73.27	-5.25	-0.48
ypr	-73.02	-4.69	-0.07
ypr	-73.01	-4.74	-0.07
ypr	-73.06	-4.63	-0.07
ypr	-72.99	-5.12	0.26
ypr	-73.22	-5.26	-0.02
ypr	-73.29	-4.60	-0.44
ypr	-73.38	-3.97	-0.55
ypr	-73.33	-3.52	-0.45
ypr	-73.27	-3.45	-0.32
ypr	-73.29	-3.82	-0.21
ypr	-73.44	-4.53	-0.09
ypr	-73.45	-6.38	0.32
ypr	-73.25	-9.42	1.34
ypr	-73.15	-11.60	2.00
ypr	-73.00	-8.98	0.19
ypr	-72.66	-6.54	0.02
ypr	-72.52	-6.52	0.01
ypr	-72.39	-6.72	-0.00
FIFO overflow!
ypr	-72.68	-9.64	-0.01
ypr	-72.68	-9.63	-0.01
ypr	-72.67	-9.61	-0.02
ypr	-72.67	-9.60	-0.01
ypr	-72.67	-9.59	-0.02
ypr	-72.67	-9.58	-0.02
ypr	-72.67	-9.56	-0.02
ypr	-72.67	-9.55	-0.02
ypr	-72.67	-9.53	-0.02
ypr	-72.67	-9.51	-0.03
ypr	-72.66	-9.50	-0.02
ypr	-72.66	-9.49	-0.03
ypr	-72.66	-9.48	-0.0